<?xml version="1.0" encoding="UTF-8"?>
<!-- Generated by org.testng.reporters.JUnitXMLReporter -->
<testsuite hostname="HY11-5CG9049DSM" ignored="0" name="Test3" tests="1" failures="1" timestamp="2020-02-09T14:02:44 IST" time="2.012" errors="0">
  <testcase name="login" time="0.827" classname="com.amazon.test.cases.do_login">
    <failure type="java.lang.AssertionError" message="The following asserts failed:
	expected [false] but found [true]">
      <![CDATA[java.lang.AssertionError: The following asserts failed:
expected [false] but found [true]
at com.amazon.test.cases.do_login.login(do_login.java:48)
at java.util.ArrayList.forEach(ArrayList.java:1257)
... Removed 29 stack frames]]>
    </failure>
  </testcase> <!-- login -->
</testsuite> <!-- Test3 -->
