<?xml version="1.0" encoding="UTF-8"?>
<testng-results skipped="2" failed="0" ignored="0" total="3" passed="1">
  <reporter-output>
  </reporter-output>
  <suite name="Suite" duration-ms="11317" started-at="2020-02-14T10:49:25 IST" finished-at="2020-02-14T10:49:37 IST">
    <groups>
    </groups>
    <test name="Test1" duration-ms="1089" started-at="2020-02-14T10:49:25 IST" finished-at="2020-02-14T10:49:27 IST">
      <class name="com.amazon.test.cases.elements_present">
        <test-method status="PASS" signature="intial()[pri:0, instance:com.amazon.test.cases.elements_present@631330c]" name="intial" is-config="true" duration-ms="16" started-at="2020-02-14T10:49:25 IST" finished-at="2020-02-14T10:49:25 IST">
          <reporter-output>
          </reporter-output>
        </test-method> <!-- intial -->
        <test-method status="SKIP" signature="detect_element_presence()[pri:0, instance:com.amazon.test.cases.elements_present@631330c]" name="detect_element_presence" duration-ms="1011" started-at="2020-02-14T10:49:26 IST" finished-at="2020-02-14T10:49:27 IST">
          <exception class="org.testng.SkipException">
            <message>
              <![CDATA[The runmode is no]]>
            </message>
            <full-stacktrace>
              <![CDATA[org.testng.SkipException: The runmode is no
at com.amazon.test.cases.elements_present.detect_element_presence(elements_present.java:29)
at sun.reflect.NativeMethodAccessorImpl.invoke0(Native Method)
at sun.reflect.NativeMethodAccessorImpl.invoke(NativeMethodAccessorImpl.java:62)
at sun.reflect.DelegatingMethodAccessorImpl.invoke(DelegatingMethodAccessorImpl.java:43)
at java.lang.reflect.Method.invoke(Method.java:498)
at org.testng.internal.MethodInvocationHelper.invokeMethod(MethodInvocationHelper.java:133)
at org.testng.internal.TestInvoker.invokeMethod(TestInvoker.java:584)
at org.testng.internal.TestInvoker.invokeTestMethod(TestInvoker.java:172)
at org.testng.internal.MethodRunner.runInSequence(MethodRunner.java:46)
at org.testng.internal.TestInvoker$MethodInvocationAgent.invoke(TestInvoker.java:804)
at org.testng.internal.TestInvoker.invokeTestMethods(TestInvoker.java:145)
at org.testng.internal.TestMethodWorker.invokeTestMethods(TestMethodWorker.java:146)
at org.testng.internal.TestMethodWorker.run(TestMethodWorker.java:128)
at java.util.ArrayList.forEach(ArrayList.java:1257)
at org.testng.TestRunner.privateRun(TestRunner.java:770)
at org.testng.TestRunner.run(TestRunner.java:591)
at org.testng.SuiteRunner.runTest(SuiteRunner.java:402)
at org.testng.SuiteRunner.runSequentially(SuiteRunner.java:396)
at org.testng.SuiteRunner.privateRun(SuiteRunner.java:355)
at org.testng.SuiteRunner.run(SuiteRunner.java:304)
at org.testng.SuiteRunnerWorker.runSuite(SuiteRunnerWorker.java:53)
at org.testng.SuiteRunnerWorker.run(SuiteRunnerWorker.java:96)
at org.testng.TestNG.runSuitesSequentially(TestNG.java:1180)
at org.testng.TestNG.runSuitesLocally(TestNG.java:1102)
at org.testng.TestNG.runSuites(TestNG.java:1032)
at org.testng.TestNG.run(TestNG.java:1000)
at org.apache.maven.surefire.testng.TestNGExecutor.run(TestNGExecutor.java:295)
at org.apache.maven.surefire.testng.TestNGXmlTestSuite.execute(TestNGXmlTestSuite.java:84)
at org.apache.maven.surefire.testng.TestNGProvider.invoke(TestNGProvider.java:90)
at org.apache.maven.surefire.booter.ForkedBooter.invokeProviderInSameClassLoader(ForkedBooter.java:203)
at org.apache.maven.surefire.booter.ForkedBooter.runSuitesInProcess(ForkedBooter.java:155)
at org.apache.maven.surefire.booter.ForkedBooter.main(ForkedBooter.java:103)
]]>
            </full-stacktrace>
          </exception> <!-- org.testng.SkipException -->
          <reporter-output>
          </reporter-output>
        </test-method> <!-- detect_element_presence -->
      </class> <!-- com.amazon.test.cases.elements_present -->
    </test> <!-- Test1 -->
    <test name="Test2" duration-ms="7993" started-at="2020-02-14T10:49:27 IST" finished-at="2020-02-14T10:49:35 IST">
      <class name="com.amazon.test.cases.do_sign_up">
        <test-method status="PASS" signature="intialize()[pri:0, instance:com.amazon.test.cases.do_sign_up@12cdcf4]" name="intialize" is-config="true" duration-ms="7812" started-at="2020-02-14T10:49:27 IST" finished-at="2020-02-14T10:49:35 IST">
          <reporter-output>
          </reporter-output>
        </test-method> <!-- intialize -->
        <test-method status="PASS" signature="cleanup()[pri:0, instance:com.amazon.test.cases.do_sign_up@12cdcf4]" name="cleanup" is-config="true" duration-ms="110" started-at="2020-02-14T10:49:35 IST" finished-at="2020-02-14T10:49:35 IST">
          <reporter-output>
          </reporter-output>
        </test-method> <!-- cleanup -->
        <test-method status="SKIP" signature="signUp(java.lang.String, java.lang.String, java.lang.String)[pri:0, instance:com.amazon.test.cases.do_sign_up@12cdcf4]" name="signUp" duration-ms="28" started-at="2020-02-14T10:49:35 IST" data-provider="dataprovider" finished-at="2020-02-14T10:49:35 IST">
          <params>
            <param index="0">
              <value>
                <![CDATA[casper whiskey112]]>
              </value>
            </param>
            <param index="1">
              <value>
                <![CDATA[casperwhiskey112@gmail.com]]>
              </value>
            </param>
            <param index="2">
              <value>
                <![CDATA[casperwhiskey]]>
              </value>
            </param>
          </params>
          <exception class="org.testng.SkipException">
            <message>
              <![CDATA[The runmode is no]]>
            </message>
            <full-stacktrace>
              <![CDATA[org.testng.SkipException: The runmode is no
at com.amazon.test.cases.do_sign_up.signUp(do_sign_up.java:43)
at sun.reflect.NativeMethodAccessorImpl.invoke0(Native Method)
at sun.reflect.NativeMethodAccessorImpl.invoke(NativeMethodAccessorImpl.java:62)
at sun.reflect.DelegatingMethodAccessorImpl.invoke(DelegatingMethodAccessorImpl.java:43)
at java.lang.reflect.Method.invoke(Method.java:498)
at org.testng.internal.MethodInvocationHelper.invokeMethod(MethodInvocationHelper.java:133)
at org.testng.internal.TestInvoker.invokeMethod(TestInvoker.java:584)
at org.testng.internal.TestInvoker.invokeTestMethod(TestInvoker.java:172)
at org.testng.internal.MethodRunner.runInSequence(MethodRunner.java:46)
at org.testng.internal.TestInvoker$MethodInvocationAgent.invoke(TestInvoker.java:804)
at org.testng.internal.TestInvoker.invokeTestMethods(TestInvoker.java:145)
at org.testng.internal.TestMethodWorker.invokeTestMethods(TestMethodWorker.java:146)
at org.testng.internal.TestMethodWorker.run(TestMethodWorker.java:128)
at java.util.ArrayList.forEach(ArrayList.java:1257)
at org.testng.TestRunner.privateRun(TestRunner.java:770)
at org.testng.TestRunner.run(TestRunner.java:591)
at org.testng.SuiteRunner.runTest(SuiteRunner.java:402)
at org.testng.SuiteRunner.runSequentially(SuiteRunner.java:396)
at org.testng.SuiteRunner.privateRun(SuiteRunner.java:355)
at org.testng.SuiteRunner.run(SuiteRunner.java:304)
at org.testng.SuiteRunnerWorker.runSuite(SuiteRunnerWorker.java:53)
at org.testng.SuiteRunnerWorker.run(SuiteRunnerWorker.java:96)
at org.testng.TestNG.runSuitesSequentially(TestNG.java:1180)
at org.testng.TestNG.runSuitesLocally(TestNG.java:1102)
at org.testng.TestNG.runSuites(TestNG.java:1032)
at org.testng.TestNG.run(TestNG.java:1000)
at org.apache.maven.surefire.testng.TestNGExecutor.run(TestNGExecutor.java:295)
at org.apache.maven.surefire.testng.TestNGXmlTestSuite.execute(TestNGXmlTestSuite.java:84)
at org.apache.maven.surefire.testng.TestNGProvider.invoke(TestNGProvider.java:90)
at org.apache.maven.surefire.booter.ForkedBooter.invokeProviderInSameClassLoader(ForkedBooter.java:203)
at org.apache.maven.surefire.booter.ForkedBooter.runSuitesInProcess(ForkedBooter.java:155)
at org.apache.maven.surefire.booter.ForkedBooter.main(ForkedBooter.java:103)
]]>
            </full-stacktrace>
          </exception> <!-- org.testng.SkipException -->
          <reporter-output>
          </reporter-output>
        </test-method> <!-- signUp -->
      </class> <!-- com.amazon.test.cases.do_sign_up -->
    </test> <!-- Test2 -->
    <test name="Test3" duration-ms="1818" started-at="2020-02-14T10:49:35 IST" finished-at="2020-02-14T10:49:37 IST">
      <class name="com.amazon.test.cases.do_login">
        <test-method status="PASS" signature="setup()[pri:0, instance:com.amazon.test.cases.do_login@12f41634]" name="setup" is-config="true" duration-ms="8522" started-at="2020-02-14T10:49:17 IST" finished-at="2020-02-14T10:49:25 IST">
          <reporter-output>
          </reporter-output>
        </test-method> <!-- setup -->
        <test-method status="PASS" signature="intialize()[pri:0, instance:com.amazon.test.cases.do_login@12f41634]" name="intialize" is-config="true" duration-ms="182" started-at="2020-02-14T10:49:35 IST" finished-at="2020-02-14T10:49:35 IST">
          <reporter-output>
          </reporter-output>
        </test-method> <!-- intialize -->
        <test-method status="PASS" signature="cleanup()[pri:0, instance:com.amazon.test.cases.do_login@12f41634]" name="cleanup" is-config="true" duration-ms="75" started-at="2020-02-14T10:49:35 IST" finished-at="2020-02-14T10:49:35 IST">
          <reporter-output>
          </reporter-output>
        </test-method> <!-- cleanup -->
        <test-method status="PASS" signature="login(java.lang.String, java.lang.String)[pri:0, instance:com.amazon.test.cases.do_login@12f41634]" name="login" duration-ms="1555" started-at="2020-02-14T10:49:35 IST" finished-at="2020-02-14T10:49:37 IST">
          <params>
            <param index="0">
              <value>
                <![CDATA[casper whiskey112]]>
              </value>
            </param>
            <param index="1">
              <value>
                <![CDATA[casperwhiskey]]>
              </value>
            </param>
          </params>
          <reporter-output>
          </reporter-output>
        </test-method> <!-- login -->
      </class> <!-- com.amazon.test.cases.do_login -->
    </test> <!-- Test3 -->
  </suite> <!-- Suite -->
</testng-results>
