<?xml version="1.0" encoding="UTF-8"?>
<testng-results skipped="0" failed="1" ignored="0" total="3" passed="2">
  <reporter-output>
  </reporter-output>
  <suite name="Suite" duration-ms="12111" started-at="2020-02-09T14:02:32 IST" finished-at="2020-02-09T14:02:44 IST">
    <groups>
    </groups>
    <test name="Test1" duration-ms="1694" started-at="2020-02-09T14:02:32 IST" finished-at="2020-02-09T14:02:34 IST">
      <class name="com.amazon.test.cases.elements_present">
        <test-method status="PASS" signature="intial()[pri:0, instance:com.amazon.test.cases.elements_present@60438a68]" name="intial" is-config="true" duration-ms="70" started-at="2020-02-09T14:02:32 IST" finished-at="2020-02-09T14:02:32 IST">
          <reporter-output>
          </reporter-output>
        </test-method> <!-- intial -->
        <test-method status="PASS" signature="detect_element_presence()[pri:0, instance:com.amazon.test.cases.elements_present@60438a68]" name="detect_element_presence" duration-ms="1534" started-at="2020-02-09T14:02:32 IST" finished-at="2020-02-09T14:02:34 IST">
          <reporter-output>
          </reporter-output>
        </test-method> <!-- detect_element_presence -->
      </class> <!-- com.amazon.test.cases.elements_present -->
    </test> <!-- Test1 -->
    <test name="Test2" duration-ms="7538" started-at="2020-02-09T14:02:34 IST" finished-at="2020-02-09T14:02:42 IST">
      <class name="com.amazon.test.cases.do_sign_up">
        <test-method status="PASS" signature="intialize()[pri:0, instance:com.amazon.test.cases.do_sign_up@799d4f69]" name="intialize" is-config="true" duration-ms="5426" started-at="2020-02-09T14:02:34 IST" finished-at="2020-02-09T14:02:40 IST">
          <reporter-output>
          </reporter-output>
        </test-method> <!-- intialize -->
        <test-method status="PASS" signature="cleanup()[pri:0, instance:com.amazon.test.cases.do_sign_up@799d4f69]" name="cleanup" is-config="true" duration-ms="197" started-at="2020-02-09T14:02:41 IST" finished-at="2020-02-09T14:02:41 IST">
          <reporter-output>
          </reporter-output>
        </test-method> <!-- cleanup -->
        <test-method status="PASS" signature="signUp(java.lang.String, java.lang.String, java.lang.String)[pri:0, instance:com.amazon.test.cases.do_sign_up@799d4f69]" name="signUp" duration-ms="779" started-at="2020-02-09T14:02:41 IST" data-provider="dataprovider" finished-at="2020-02-09T14:02:42 IST">
          <params>
            <param index="0">
              <value>
                <![CDATA[casper whiskey112]]>
              </value>
            </param>
            <param index="1">
              <value>
                <![CDATA[casperwhiskey112@gmail.com]]>
              </value>
            </param>
            <param index="2">
              <value>
                <![CDATA[casperwhiskey]]>
              </value>
            </param>
          </params>
          <reporter-output>
          </reporter-output>
        </test-method> <!-- signUp -->
      </class> <!-- com.amazon.test.cases.do_sign_up -->
    </test> <!-- Test2 -->
    <test name="Test3" duration-ms="2012" started-at="2020-02-09T14:02:42 IST" finished-at="2020-02-09T14:02:44 IST">
      <class name="com.amazon.test.cases.do_login">
        <test-method status="PASS" signature="setup()[pri:0, instance:com.amazon.test.cases.do_login@4e41089d]" name="setup" is-config="true" duration-ms="9203" started-at="2020-02-09T14:02:23 IST" finished-at="2020-02-09T14:02:32 IST">
          <reporter-output>
          </reporter-output>
        </test-method> <!-- setup -->
        <test-method status="PASS" signature="intialize()[pri:0, instance:com.amazon.test.cases.do_login@4e41089d]" name="intialize" is-config="true" duration-ms="231" started-at="2020-02-09T14:02:42 IST" finished-at="2020-02-09T14:02:42 IST">
          <reporter-output>
          </reporter-output>
        </test-method> <!-- intialize -->
        <test-method status="PASS" signature="cleanup()[pri:0, instance:com.amazon.test.cases.do_login@4e41089d]" name="cleanup" is-config="true" duration-ms="110" started-at="2020-02-09T14:02:42 IST" finished-at="2020-02-09T14:02:42 IST">
          <reporter-output>
          </reporter-output>
        </test-method> <!-- cleanup -->
        <test-method status="FAIL" signature="login(java.lang.String, java.lang.String)[pri:0, instance:com.amazon.test.cases.do_login@4e41089d]" name="login" duration-ms="827" started-at="2020-02-09T14:02:42 IST" finished-at="2020-02-09T14:02:43 IST">
          <params>
            <param index="0">
              <value>
                <![CDATA[casper whiskey112]]>
              </value>
            </param>
            <param index="1">
              <value>
                <![CDATA[casperwhiskey]]>
              </value>
            </param>
          </params>
          <exception class="java.lang.AssertionError">
            <message>
              <![CDATA[The following asserts failed:
expected [false] but found [true]]]>
            </message>
            <full-stacktrace>
              <![CDATA[java.lang.AssertionError: The following asserts failed:
expected [false] but found [true]
at org.testng.asserts.SoftAssert.assertAll(SoftAssert.java:47)
at org.testng.asserts.SoftAssert.assertAll(SoftAssert.java:31)
at com.amazon.test.cases.do_login.login(do_login.java:48)
at sun.reflect.NativeMethodAccessorImpl.invoke0(Native Method)
at sun.reflect.NativeMethodAccessorImpl.invoke(NativeMethodAccessorImpl.java:62)
at sun.reflect.DelegatingMethodAccessorImpl.invoke(DelegatingMethodAccessorImpl.java:43)
at java.lang.reflect.Method.invoke(Method.java:498)
at org.testng.internal.MethodInvocationHelper.invokeMethod(MethodInvocationHelper.java:133)
at org.testng.internal.TestInvoker.invokeMethod(TestInvoker.java:584)
at org.testng.internal.TestInvoker.invokeTestMethod(TestInvoker.java:172)
at org.testng.internal.MethodRunner.runInSequence(MethodRunner.java:46)
at org.testng.internal.TestInvoker$MethodInvocationAgent.invoke(TestInvoker.java:804)
at org.testng.internal.TestInvoker.invokeTestMethods(TestInvoker.java:145)
at org.testng.internal.TestMethodWorker.invokeTestMethods(TestMethodWorker.java:146)
at org.testng.internal.TestMethodWorker.run(TestMethodWorker.java:128)
at java.util.ArrayList.forEach(ArrayList.java:1257)
at org.testng.TestRunner.privateRun(TestRunner.java:770)
at org.testng.TestRunner.run(TestRunner.java:591)
at org.testng.SuiteRunner.runTest(SuiteRunner.java:402)
at org.testng.SuiteRunner.runSequentially(SuiteRunner.java:396)
at org.testng.SuiteRunner.privateRun(SuiteRunner.java:355)
at org.testng.SuiteRunner.run(SuiteRunner.java:304)
at org.testng.SuiteRunnerWorker.runSuite(SuiteRunnerWorker.java:53)
at org.testng.SuiteRunnerWorker.run(SuiteRunnerWorker.java:96)
at org.testng.TestNG.runSuitesSequentially(TestNG.java:1180)
at org.testng.TestNG.runSuitesLocally(TestNG.java:1102)
at org.testng.TestNG.runSuites(TestNG.java:1032)
at org.testng.TestNG.run(TestNG.java:1000)
at org.testng.remote.AbstractRemoteTestNG.run(AbstractRemoteTestNG.java:115)
at org.testng.remote.RemoteTestNG.initAndRun(RemoteTestNG.java:251)
at org.testng.remote.RemoteTestNG.main(RemoteTestNG.java:77)
]]>
            </full-stacktrace>
          </exception> <!-- java.lang.AssertionError -->
          <reporter-output>
          </reporter-output>
        </test-method> <!-- login -->
      </class> <!-- com.amazon.test.cases.do_login -->
    </test> <!-- Test3 -->
  </suite> <!-- Suite -->
</testng-results>
